<?xml version="1.0" encoding="UTF-8"?>
<testsuite xmlns:xsi="http://www.w3.org/2001/XMLSchema-instance" xsi:noNamespaceSchemaLocation="https://maven.apache.org/surefire/maven-surefire-plugin/xsd/surefire-test-report.xsd" name="identifier.ParameterizedCsvFileSourceTest" time="0.052" tests="7" errors="1" skipped="0" failures="2">
  <properties>
[...]
</properties>
  <testcase name="validateIdentifier{String, boolean, String}[1]" classname="identifier.ParameterizedCsvFileSourceTest" time="0.017"/>
  <testcase name="validateIdentifier{String, boolean, String}[2]" classname="identifier.ParameterizedCsvFileSourceTest" time="0.001">
    <error message="String index out of range: 0" type="java.lang.StringIndexOutOfBoundsException">java.lang.StringIndexOutOfBoundsException: String index out of range: 0
	at identifier.ParameterizedCsvFileSourceTest.lambda$validateIdentifier$0(ParameterizedCsvFileSourceTest.java:29)
</error>
  </testcase>
  <testcase name="validateIdentifier{String, boolean, String}[3]" classname="identifier.ParameterizedCsvFileSourceTest" time="0.001"/>
  <testcase name="validateIdentifier{String, boolean, String}[4]" classname="identifier.ParameterizedCsvFileSourceTest" time="0.002"/>
  <testcase name="validateIdentifier{String, boolean, String}[5]" classname="identifier.ParameterizedCsvFileSourceTest" time="0.001"/>
  <testcase name="validateIdentifier{String, boolean, String}[6]" classname="identifier.ParameterizedCsvFileSourceTest" time="0.004">
    <failure message="expected: &lt;true&gt; but was: &lt;false&gt;" type="org.opentest4j.AssertionFailedError"><![CDATA[org.opentest4j.AssertionFailedError: expected: <true> but was: <false>
	at identifier.ParameterizedCsvFileSourceTest.lambda$validateIdentifier$0(ParameterizedCsvFileSourceTest.java:30)
]]></failure>
  </testcase>
  <testcase name="validateIdentifier{String, boolean, String}[7]" classname="identifier.ParameterizedCsvFileSourceTest" time="0.002">
    <failure message="expected: &lt;true&gt; but was: &lt;false&gt;" type="org.opentest4j.AssertionFailedError"><![CDATA[org.opentest4j.AssertionFailedError: expected: <true> but was: <false>
	at identifier.ParameterizedCsvFileSourceTest.lambda$validateIdentifier$0(ParameterizedCsvFileSourceTest.java:30)
]]></failure>
  </testcase>
</testsuite>